[APIServer]20:13:16.307664 nodeHandler.go:14: Get create node request
[APIServer]20:13:16.314436 nodeListener.go:36: ETCD: create kye:/registry/nodes/default/127.0.0.1 value:{"Node":{"Metadata":{"Name":"node1","Labels":{"App":"","Env":""},"Namespace":"default","Uid":"b1c31a32-fbbe-11ed-bd8b-fa163ed44415","CreationTimestamp":"0001-01-01T00:00:00Z"},"IP":"127.0.0.1"},"Status":0}
[APIServer]20:13:18.424435 replicasetHandler.go:14: Get create replicaset request
[APIServer]20:13:18.432494 replicasetListener.go:36: ETCD: create key:/registry/replicasets/default/b30611fb-fbbe-11ed-b64c-fa163ed44415 value:{"ApiVersion":"apps/v1","Kind":"ReplicaSet","Metadata":{"Name":"rs-example","Labels":{"App":"","Env":""},"Namespace":"","Uid":"b30611fb-fbbe-11ed-b64c-fa163ed44415","CreationTimestamp":"0001-01-01T00:00:00Z"},"Spec":{"Replicas":3,"Selector":{"MatchLabels":{"App":"nginx","Env":"prod"}},"PodTemplate":{"ApiVersion":"","Kind":"","Metadata":{"Name":"nginx","Labels":{"App":"nginx","Env":"prod"},"Namespace":"","Uid":"","CreationTimestamp":"0001-01-01T00:00:00Z"},"Spec":{"Containers":[{"Name":"nginx","Image":"nginx:stable-alpine","Ports":[{"Port":80}],"Command":null,"Args":null,"Resources":{"Limits":{"Cpu":"","Memory":""}},"VolumeMounts":null}],"Volumes":null,"ContainerMeta":null},"IP":""}}}
[APIServer]20:13:18.436485 podHandler.go:16: Get create pod request
[APIServer]20:13:18.436576 podHandler.go:105: Get index from name: nginx-1, replica: 1
[APIServer]20:13:18.442104 podListener.go:38: ETCD: create kye:/registry/pods/default/nginx-1 value:{"Config":{"ApiVersion":"","Kind":"","Metadata":{"Name":"nginx-1","Labels":{"App":"nginx","Env":"prod"},"Namespace":"","Uid":"b3081815-fbbe-11ed-b64c-fa163ed44415","CreationTimestamp":"0001-01-01T00:00:00Z"},"Spec":{"Containers":[{"Name":"nginx","Image":"nginx:stable-alpine","Ports":[{"Port":80}],"Command":null,"Args":null,"Resources":{"Limits":{"Cpu":"","Memory":""}},"VolumeMounts":null}],"Volumes":null,"ContainerMeta":null},"IP":""},"Status":1,"Node":"","Replica":1}
[APIServer]20:13:18.442146 podListener.go:45: publish CREATE to pods_XXX
[APIServer]20:13:18.443600 podHandler.go:16: Get create pod request
[APIServer]20:13:18.444470 podHandler.go:105: Get index from name: nginx-2, replica: 2
[APIServer]20:13:18.443944 podListener.go:57: publish CREATE to pods_sched
[APIServer]20:13:18.452915 podListener.go:38: ETCD: create kye:/registry/pods/default/nginx-2 value:{"Config":{"ApiVersion":"","Kind":"","Metadata":{"Name":"nginx-2","Labels":{"App":"nginx","Env":"prod"},"Namespace":"","Uid":"b3092a6f-fbbe-11ed-b64c-fa163ed44415","CreationTimestamp":"0001-01-01T00:00:00Z"},"Spec":{"Containers":[{"Name":"nginx","Image":"nginx:stable-alpine","Ports":[{"Port":80}],"Command":null,"Args":null,"Resources":{"Limits":{"Cpu":"","Memory":""}},"VolumeMounts":null}],"Volumes":null,"ContainerMeta":null},"IP":""},"Status":1,"Node":"","Replica":2}
[APIServer]20:13:18.452954 podListener.go:45: publish CREATE to pods_XXX
[APIServer]20:13:18.454411 podListener.go:57: publish CREATE to pods_sched
[APIServer]20:13:18.455744 podHandler.go:16: Get create pod request
[APIServer]20:13:18.455805 podHandler.go:105: Get index from name: nginx-3, replica: 3
[APIServer]20:13:18.496178 podListener.go:91: ETCD: modify kye:/registry/pods/default/nginx-1 value:{"Config":{"ApiVersion":"","Kind":"","Metadata":{"Name":"nginx-1","Labels":{"App":"nginx","Env":"prod"},"Namespace":"","Uid":"b3081815-fbbe-11ed-b64c-fa163ed44415","CreationTimestamp":"0001-01-01T00:00:00Z"},"Spec":{"Containers":[{"Name":"nginx","Image":"nginx:stable-alpine","Ports":[{"Port":80}],"Command":null,"Args":null,"Resources":{"Limits":{"Cpu":"","Memory":""}},"VolumeMounts":null}],"Volumes":null,"ContainerMeta":null},"IP":""},"Status":1,"Node":"b1c31a32-fbbe-11ed-bd8b-fa163ed44415","Replica":1}
[APIServer]20:13:18.496240 podListener.go:96: publish PUT to pods_XXX
[APIServer]20:13:18.500156 podListener.go:110: publish PUT to pods_node
[APIServer]20:13:18.503244 podListener.go:38: ETCD: create kye:/registry/pods/default/nginx-3 value:{"Config":{"ApiVersion":"","Kind":"","Metadata":{"Name":"nginx-3","Labels":{"App":"nginx","Env":"prod"},"Namespace":"","Uid":"b30af5d9-fbbe-11ed-b64c-fa163ed44415","CreationTimestamp":"0001-01-01T00:00:00Z"},"Spec":{"Containers":[{"Name":"nginx","Image":"nginx:stable-alpine","Ports":[{"Port":80}],"Command":null,"Args":null,"Resources":{"Limits":{"Cpu":"","Memory":""}},"VolumeMounts":null}],"Volumes":null,"ContainerMeta":null},"IP":""},"Status":1,"Node":"","Replica":3}
[APIServer]20:13:18.503419 podListener.go:45: publish CREATE to pods_XXX
[APIServer]20:13:18.504532 podListener.go:57: publish CREATE to pods_sched
[APIServer]20:13:18.512648 podListener.go:91: ETCD: modify kye:/registry/pods/default/nginx-2 value:{"Config":{"ApiVersion":"","Kind":"","Metadata":{"Name":"nginx-2","Labels":{"App":"nginx","Env":"prod"},"Namespace":"","Uid":"b3092a6f-fbbe-11ed-b64c-fa163ed44415","CreationTimestamp":"0001-01-01T00:00:00Z"},"Spec":{"Containers":[{"Name":"nginx","Image":"nginx:stable-alpine","Ports":[{"Port":80}],"Command":null,"Args":null,"Resources":{"Limits":{"Cpu":"","Memory":""}},"VolumeMounts":null}],"Volumes":null,"ContainerMeta":null},"IP":""},"Status":1,"Node":"b1c31a32-fbbe-11ed-bd8b-fa163ed44415","Replica":2}
[APIServer]20:13:18.512683 podListener.go:96: publish PUT to pods_XXX
[APIServer]20:13:18.514700 podListener.go:110: publish PUT to pods_node
[APIServer]20:13:18.564589 podListener.go:91: ETCD: modify kye:/registry/pods/default/nginx-3 value:{"Config":{"ApiVersion":"","Kind":"","Metadata":{"Name":"nginx-3","Labels":{"App":"nginx","Env":"prod"},"Namespace":"","Uid":"b30af5d9-fbbe-11ed-b64c-fa163ed44415","CreationTimestamp":"0001-01-01T00:00:00Z"},"Spec":{"Containers":[{"Name":"nginx","Image":"nginx:stable-alpine","Ports":[{"Port":80}],"Command":null,"Args":null,"Resources":{"Limits":{"Cpu":"","Memory":""}},"VolumeMounts":null}],"Volumes":null,"ContainerMeta":null},"IP":""},"Status":1,"Node":"b1c31a32-fbbe-11ed-bd8b-fa163ed44415","Replica":3}
[APIServer]20:13:18.564678 podListener.go:96: publish PUT to pods_XXX
[APIServer]20:13:18.566847 podListener.go:110: publish PUT to pods_node
[APIServer]20:13:19.924397 podListener.go:91: ETCD: modify kye:/registry/pods/default/nginx-1 value:{"Config":{"ApiVersion":"","Kind":"","Metadata":{"Name":"nginx-1","Labels":{"App":"nginx","Env":"prod"},"Namespace":"","Uid":"b3081815-fbbe-11ed-b64c-fa163ed44415","CreationTimestamp":"0001-01-01T00:00:00Z"},"Spec":{"Containers":[{"Name":"nginx","Image":"nginx:stable-alpine","Ports":[{"Port":80}],"Command":null,"Args":null,"Resources":{"Limits":{"Cpu":"","Memory":""}},"VolumeMounts":null}],"Volumes":null,"ContainerMeta":[{"Name":"pause_nginx-1","ContainerID":"7b3fd754eb47fe35ea164ccec6000413d2fd0ae556fbe70588f4ef0d2c0ef2d3"},{"Name":"nginx","ContainerID":"75771fa7e82808cb83518803a241ef7548b4e611cdd0f055402ef9b0c35ed4ad"}]},"IP":"142.16.1.2"},"Status":0,"Node":"b1c31a32-fbbe-11ed-bd8b-fa163ed44415","Replica":1}
[APIServer]20:13:19.924472 podListener.go:96: publish PUT to pods_XXX
[APIServer]20:13:19.932425 podListener.go:110: publish PUT to pods_node
[APIServer]20:13:21.839322 podListener.go:91: ETCD: modify kye:/registry/pods/default/nginx-2 value:{"Config":{"ApiVersion":"","Kind":"","Metadata":{"Name":"nginx-2","Labels":{"App":"nginx","Env":"prod"},"Namespace":"","Uid":"b3092a6f-fbbe-11ed-b64c-fa163ed44415","CreationTimestamp":"0001-01-01T00:00:00Z"},"Spec":{"Containers":[{"Name":"nginx","Image":"nginx:stable-alpine","Ports":[{"Port":80}],"Command":null,"Args":null,"Resources":{"Limits":{"Cpu":"","Memory":""}},"VolumeMounts":null}],"Volumes":null,"ContainerMeta":[{"Name":"pause_nginx-2","ContainerID":"1347c9c816a037bd69f2601a9eb6dd68cc978ee46a4296e8933cd8da657e8d89"},{"Name":"nginx","ContainerID":"3bd003839d2dc88150e74e9a9cc101dc11fae3b55117158a2ef6e28634cc77b9"}]},"IP":"142.16.1.3"},"Status":0,"Node":"b1c31a32-fbbe-11ed-bd8b-fa163ed44415","Replica":2}
[APIServer]20:13:21.839384 podListener.go:96: publish PUT to pods_XXX
[APIServer]20:13:21.842496 podListener.go:110: publish PUT to pods_node
[APIServer]20:13:23.140582 podListener.go:91: ETCD: modify kye:/registry/pods/default/nginx-3 value:{"Config":{"ApiVersion":"","Kind":"","Metadata":{"Name":"nginx-3","Labels":{"App":"nginx","Env":"prod"},"Namespace":"","Uid":"b30af5d9-fbbe-11ed-b64c-fa163ed44415","CreationTimestamp":"0001-01-01T00:00:00Z"},"Spec":{"Containers":[{"Name":"nginx","Image":"nginx:stable-alpine","Ports":[{"Port":80}],"Command":null,"Args":null,"Resources":{"Limits":{"Cpu":"","Memory":""}},"VolumeMounts":null}],"Volumes":null,"ContainerMeta":[{"Name":"pause_nginx-3","ContainerID":"5ad04a985d31b819eede6d5f82ec01403e2f56c6f0fa6a1119fb49f27bbc107b"},{"Name":"nginx","ContainerID":"2fee15d20cf7ad8e5cf58fb9b184d16e67cbf9ba951626c173fe2ff7d859251d"}]},"IP":"142.16.1.4"},"Status":0,"Node":"b1c31a32-fbbe-11ed-bd8b-fa163ed44415","Replica":3}
[APIServer]20:13:23.140663 podListener.go:96: publish PUT to pods_XXX
[APIServer]20:13:23.142641 podListener.go:110: publish PUT to pods_node
[APIServer]20:13:35.023645 serviceHandler.go:17: apiserver handler: create service
[APIServer]20:13:35.034215 serviceHandler.go:17: apiserver handler: create service
