[controllers manager]21:36:29.871294 rsChangeHandler.go:16: [rs controller] receive rs change msg
[controllers manager]21:36:29.899695 controller.go:90: [rs controller] create replicaset: rs-example  uid: 5223cd2e-fbca-11ed-9cd4-00ffc2ef679f
[controllers manager]21:36:29.899695 worker.go:40: [rs worker] worker start
[controllers manager]21:36:29.909175 worker.go:105: [rs worker] 5223cd2e-fbca-11ed-9cd4-00ffc2ef679f : 0
[controllers manager]21:36:29.928817 podSyncHandler.go:11: [rs worker] receive pod change msg
[controllers manager]21:36:29.933857 worker.go:105: [rs worker] 5223cd2e-fbca-11ed-9cd4-00ffc2ef679f : 2
[controllers manager]21:36:29.934425 podSyncHandler.go:11: [rs worker] receive pod change msg
[controllers manager]21:36:29.935925 worker.go:105: [rs worker] 5223cd2e-fbca-11ed-9cd4-00ffc2ef679f : 2
[controllers manager]21:38:26.790895 podSyncHandler.go:11: [rs worker] receive pod change msg
[controllers manager]21:38:26.790895 rsChangeHandler.go:16: [rs controller] receive rs change msg
[controllers manager]21:38:26.792585 worker.go:105: [rs worker] 5223cd2e-fbca-11ed-9cd4-00ffc2ef679f : 0
[controllers manager]21:38:26.798207 podSyncHandler.go:11: [rs worker] receive pod change msg
[controllers manager]21:38:26.815860 worker.go:105: [rs worker] 5223cd2e-fbca-11ed-9cd4-00ffc2ef679f : 2
[controllers manager]21:38:26.815860 podSyncHandler.go:11: [rs worker] receive pod change msg
[controllers manager]21:38:26.819234 worker.go:105: [rs worker] 5223cd2e-fbca-11ed-9cd4-00ffc2ef679f : 2
[controllers manager]21:38:26.819844 podSyncHandler.go:11: [rs worker] receive pod change msg
[controllers manager]21:38:26.825821 worker.go:105: [rs worker] 5223cd2e-fbca-11ed-9cd4-00ffc2ef679f : 2
[controllers manager]21:38:26.827766 podSyncHandler.go:11: [rs worker] receive pod change msg
[controllers manager]21:38:26.832237 worker.go:105: [rs worker] 5223cd2e-fbca-11ed-9cd4-00ffc2ef679f : 2
[controllers manager]21:38:26.832237 podSyncHandler.go:11: [rs worker] receive pod change msg
[controllers manager]21:38:26.833349 worker.go:105: [rs worker] 5223cd2e-fbca-11ed-9cd4-00ffc2ef679f : 2
